Using pre-set license
Built from '2021.3/staging' branch; Version is '2021.3.2f1 (d6360bedb9a0) revision 14038539'; Using compiler version '192829333'; Build Type 'Release'
OS: 'Windows 10  (10.0.19044) 64bit Core' Language: 'ru' Physical Memory: 16302 MB
BatchMode: 1, IsHumanControllingUs: 0, StartBugReporterOnCrash: 0, Is64bit: 1, IsPro: 1

COMMAND LINE ARGUMENTS:
C:\Program Files\Unity\Hub\Editor\2021.3.2f1\Editor\Unity.exe
-adb2
-batchMode
-noUpm
-name
AssetImportWorker3
-projectPath
D:/UnityProjects/Asteroids
-logFile
Logs/AssetImportWorker3.log
-srvPort
57198
Successfully changed project path to: D:/UnityProjects/Asteroids
D:/UnityProjects/Asteroids
[UnityMemory] Configuration Parameters - Can be set up in boot.config
    "memorysetup-bucket-allocator-granularity=16"
    "memorysetup-bucket-allocator-bucket-count=8"
    "memorysetup-bucket-allocator-block-size=33554432"
    "memorysetup-bucket-allocator-block-count=8"
    "memorysetup-main-allocator-block-size=16777216"
    "memorysetup-thread-allocator-block-size=16777216"
    "memorysetup-gfx-main-allocator-block-size=16777216"
    "memorysetup-gfx-thread-allocator-block-size=16777216"
    "memorysetup-cache-allocator-block-size=4194304"
    "memorysetup-typetree-allocator-block-size=2097152"
    "memorysetup-profiler-bucket-allocator-granularity=16"
    "memorysetup-profiler-bucket-allocator-bucket-count=8"
    "memorysetup-profiler-bucket-allocator-block-size=33554432"
    "memorysetup-profiler-bucket-allocator-block-count=8"
    "memorysetup-profiler-allocator-block-size=16777216"
    "memorysetup-profiler-editor-allocator-block-size=1048576"
    "memorysetup-temp-allocator-size-main=16777216"
    "memorysetup-job-temp-allocator-block-size=2097152"
    "memorysetup-job-temp-allocator-block-size-background=1048576"
    "memorysetup-job-temp-allocator-reduction-small-platforms=262144"
    "memorysetup-temp-allocator-size-background-worker=32768"
    "memorysetup-temp-allocator-size-job-worker=262144"
    "memorysetup-temp-allocator-size-preload-manager=33554432"
    "memorysetup-temp-allocator-size-nav-mesh-worker=65536"
    "memorysetup-temp-allocator-size-audio-worker=65536"
    "memorysetup-temp-allocator-size-cloud-worker=32768"
    "memorysetup-temp-allocator-size-gi-baking-worker=262144"
    "memorysetup-temp-allocator-size-gfx=262144"
Refreshing native plugins compatible for Editor in 78.25 ms, found 3 plugins.
Preloading 0 native plugins for Editor in 0.00 ms.
Initialize engine version: 2021.3.2f1 (d6360bedb9a0)
[Subsystems] Discovering subsystems at path C:/Program Files/Unity/Hub/Editor/2021.3.2f1/Editor/Data/Resources/UnitySubsystems
[Subsystems] Discovering subsystems at path D:/UnityProjects/Asteroids/Assets
GfxDevice: creating device client; threaded=0; jobified=0
Direct3D:
    Version:  Direct3D 11.0 [level 11.1]
    Renderer: Radeon RX 570 Series (ID=0x67df)
    Vendor:   ATI
    VRAM:     4075 MB
    Driver:   30.0.14011.2006
Initialize mono
Mono path[0] = 'C:/Program Files/Unity/Hub/Editor/2021.3.2f1/Editor/Data/Managed'
Mono path[1] = 'C:/Program Files/Unity/Hub/Editor/2021.3.2f1/Editor/Data/MonoBleedingEdge/lib/mono/unityjit-win32'
Mono config path = 'C:/Program Files/Unity/Hub/Editor/2021.3.2f1/Editor/Data/MonoBleedingEdge/etc'
Using monoOptions --debugger-agent=transport=dt_socket,embedding=1,server=y,suspend=n,address=127.0.0.1:56240
Begin MonoManager ReloadAssembly
Registering precompiled unity dll's ...
Register platform support module: C:/Program Files/Unity/Hub/Editor/2021.3.2f1/Editor/Data/PlaybackEngines/WebGLSupport/UnityEditor.WebGL.Extensions.dll
Register platform support module: C:/Program Files/Unity/Hub/Editor/2021.3.2f1/Editor/Data/PlaybackEngines/AndroidPlayer/UnityEditor.Android.Extensions.dll
Register platform support module: C:/Program Files/Unity/Hub/Editor/2021.3.2f1/Editor/Data/PlaybackEngines/WindowsStandaloneSupport/UnityEditor.WindowsStandalone.Extensions.dll
Registered in 0.017342 seconds.
Native extension for WindowsStandalone target not found
Native extension for Android target not found
Native extension for WebGL target not found
Refreshing native plugins compatible for Editor in 73.12 ms, found 3 plugins.
Preloading 0 native plugins for Editor in 0.00 ms.
Mono: successfully reloaded assembly
- Completed reload, in  1.030 seconds
Domain Reload Profiling:
	ReloadAssembly (1030ms)
		BeginReloadAssembly (127ms)
			ExecutionOrderSort (0ms)
			DisableScriptedObjects (0ms)
			BackupInstance (0ms)
			ReleaseScriptingObjects (0ms)
			CreateAndSetChildDomain (1ms)
		EndReloadAssembly (714ms)
			LoadAssemblies (123ms)
			RebuildTransferFunctionScriptingTraits (0ms)
			SetupTypeCache (166ms)
			ReleaseScriptCaches (0ms)
			RebuildScriptCaches (47ms)
			SetupLoadedEditorAssemblies (416ms)
				LogAssemblyErrors (0ms)
				InitializePlatformSupportModulesInManaged (107ms)
				SetLoadedEditorAssemblies (0ms)
				RefreshPlugins (73ms)
				BeforeProcessingInitializeOnLoad (2ms)
				ProcessInitializeOnLoadAttributes (162ms)
				ProcessInitializeOnLoadMethodAttributes (72ms)
				AfterProcessingInitializeOnLoad (0ms)
				EditorAssembliesLoaded (0ms)
			ExecutionOrderSort2 (0ms)
			AwakeInstancesAfterBackupRestoration (0ms)
Platform modules already initialized, skipping
Registering precompiled user dll's ...
Registered in 0.006895 seconds.
Begin MonoManager ReloadAssembly
Native extension for WindowsStandalone target not found
Native extension for Android target not found
Native extension for WebGL target not found
Refreshing native plugins compatible for Editor in 74.52 ms, found 3 plugins.
Preloading 0 native plugins for Editor in 0.00 ms.
Mono: successfully reloaded assembly
- Completed reload, in  1.729 seconds
Domain Reload Profiling:
	ReloadAssembly (1730ms)
		BeginReloadAssembly (286ms)
			ExecutionOrderSort (0ms)
			DisableScriptedObjects (10ms)
			BackupInstance (0ms)
			ReleaseScriptingObjects (0ms)
			CreateAndSetChildDomain (133ms)
		EndReloadAssembly (1255ms)
			LoadAssemblies (127ms)
			RebuildTransferFunctionScriptingTraits (0ms)
			SetupTypeCache (311ms)
			ReleaseScriptCaches (1ms)
			RebuildScriptCaches (85ms)
			SetupLoadedEditorAssemblies (649ms)
				LogAssemblyErrors (0ms)
				InitializePlatformSupportModulesInManaged (27ms)
				SetLoadedEditorAssemblies (0ms)
				RefreshPlugins (75ms)
				BeforeProcessingInitializeOnLoad (118ms)
				ProcessInitializeOnLoadAttributes (345ms)
				ProcessInitializeOnLoadMethodAttributes (68ms)
				AfterProcessingInitializeOnLoad (16ms)
				EditorAssembliesLoaded (0ms)
			ExecutionOrderSort2 (0ms)
			AwakeInstancesAfterBackupRestoration (9ms)
Platform modules already initialized, skipping
========================================================================
Worker process is ready to serve import requests
Launched and connected shader compiler UnityShaderCompiler.exe after 0.05 seconds
Refreshing native plugins compatible for Editor in 0.91 ms, found 3 plugins.
Preloading 0 native plugins for Editor in 0.00 ms.
Unloading 2503 Unused Serialized files (Serialized files now loaded: 0)
Unloading 33 unused Assets / (56.0 KB). Loaded Objects now: 2969.
Memory consumption went from 112.1 MB to 112.1 MB.
Total: 4.485000 ms (FindLiveObjects: 0.277900 ms CreateObjectMapping: 0.143600 ms MarkObjects: 3.961600 ms  DeleteObjects: 0.100700 ms)

AssetImportParameters requested are different than current active one (requested -> active):
  custom:video-decoder-ogg-theora: a1e56fd34408186e4bbccfd4996cb3dc -> 
  custom:container-muxer-webm: aa71ff27fc2769a1b78a27578f13a17b -> 
  custom:container-demuxer-webm: 4f35f7cbe854078d1ac9338744f61a02 -> 
  custom:video-encoder-webm-vp8: eb34c28f22e8b96e1ab97ce403110664 -> 
  custom:audio-encoder-webm-vorbis: bf7c407c2cedff20999df2af8eb42d56 -> 
  custom:framework-win-MediaFoundation: 216162199b28c13a410421893ffa2e32 -> 
  custom:container-demuxer-ogg: 62fdf1f143b41e24485cea50d1cbac27 -> 
  custom:video-decoder-webm-vp8: 9c59270c3fd7afecdb556c50c9e8de78 -> 
  custom:audio-decoder-ogg-vorbis: bf7c407c2cedff20999df2af8eb42d56 -> 
========================================================================
Received Import Request.
  Time since last request: 233154.390557 seconds.
  path: Assets/ThirdParty/KenneySpaceShooterExtension/Missiles/spaceMissiles_007.png
  artifactKey: Guid(f90062fb3753f2e49899dff33966c585) Importer(815301076,1909f56bfc062723c751e8b465ee728b)
Start importing Assets/ThirdParty/KenneySpaceShooterExtension/Missiles/spaceMissiles_007.png using Guid(f90062fb3753f2e49899dff33966c585) Importer(815301076,1909f56bfc062723c751e8b465ee728b)  -> (artifact id: '49fae6a97b171969d1cb3ccabbef16c8') in 0.192461 seconds 
========================================================================
Received Import Request.
  Time since last request: 0.000029 seconds.
  path: Assets/ThirdParty/KenneySpaceShooterExtension/Missiles/spaceMissiles_031.png
  artifactKey: Guid(cc952fb14439c344e9a380528105e19a) Importer(815301076,1909f56bfc062723c751e8b465ee728b)
Start importing Assets/ThirdParty/KenneySpaceShooterExtension/Missiles/spaceMissiles_031.png using Guid(cc952fb14439c344e9a380528105e19a) Importer(815301076,1909f56bfc062723c751e8b465ee728b)  -> (artifact id: '8e6ca82681cdc8b687bcf4d3475f3919') in 0.042273 seconds 
========================================================================
Received Import Request.
  Time since last request: 0.000033 seconds.
  path: Assets/ThirdParty/KenneySpaceShooterExtension/Missiles/spaceMissiles_022.png
  artifactKey: Guid(113c2e4c94341384ab638a71f8d1eb6d) Importer(815301076,1909f56bfc062723c751e8b465ee728b)
Start importing Assets/ThirdParty/KenneySpaceShooterExtension/Missiles/spaceMissiles_022.png using Guid(113c2e4c94341384ab638a71f8d1eb6d) Importer(815301076,1909f56bfc062723c751e8b465ee728b)  -> (artifact id: '34748c8e364af74a83fbce868ac80223') in 0.028493 seconds 
========================================================================
Received Import Request.
  Time since last request: 0.000025 seconds.
  path: Assets/ThirdParty/KenneySpaceShooterExtension/Missiles/spaceMissiles_008.png
  artifactKey: Guid(35bd570831735164b9a4d6bea0946138) Importer(815301076,1909f56bfc062723c751e8b465ee728b)
Start importing Assets/ThirdParty/KenneySpaceShooterExtension/Missiles/spaceMissiles_008.png using Guid(35bd570831735164b9a4d6bea0946138) Importer(815301076,1909f56bfc062723c751e8b465ee728b)  -> (artifact id: 'c8ca753935351a1222a63cbce4a1a1e0') in 0.019863 seconds 
========================================================================
Received Import Request.
  Time since last request: 0.000022 seconds.
  path: Assets/ThirdParty/KenneySpaceShooterExtension/Missiles/spaceMissiles_021.png
  artifactKey: Guid(7b127e31bd9ac5a469a46f4116e2555c) Importer(815301076,1909f56bfc062723c751e8b465ee728b)
Start importing Assets/ThirdParty/KenneySpaceShooterExtension/Missiles/spaceMissiles_021.png using Guid(7b127e31bd9ac5a469a46f4116e2555c) Importer(815301076,1909f56bfc062723c751e8b465ee728b)  -> (artifact id: '1675ac0c7c8735520b690bad6036af15') in 0.031743 seconds 
========================================================================
Received Import Request.
  Time since last request: 0.000025 seconds.
  path: Assets/ThirdParty/KenneySpaceShooterExtension/Missiles/spaceMissiles_013.png
  artifactKey: Guid(5a84a7f063073f9409cc2ee5ba83af96) Importer(815301076,1909f56bfc062723c751e8b465ee728b)
Start importing Assets/ThirdParty/KenneySpaceShooterExtension/Missiles/spaceMissiles_013.png using Guid(5a84a7f063073f9409cc2ee5ba83af96) Importer(815301076,1909f56bfc062723c751e8b465ee728b)  -> (artifact id: '6283c5bf39e151eb962a854ae0252b4d') in 0.038414 seconds 
========================================================================
Received Import Request.
  Time since last request: 0.000028 seconds.
  path: Assets/ThirdParty/KenneySpaceShooterExtension/Missiles/spaceMissiles_010.png
  artifactKey: Guid(94cb93bebab0837449971092ee5cd08e) Importer(815301076,1909f56bfc062723c751e8b465ee728b)
Start importing Assets/ThirdParty/KenneySpaceShooterExtension/Missiles/spaceMissiles_010.png using Guid(94cb93bebab0837449971092ee5cd08e) Importer(815301076,1909f56bfc062723c751e8b465ee728b)  -> (artifact id: '3baf98244729e67e40b4731952c93077') in 0.025319 seconds 
========================================================================
Received Import Request.
  Time since last request: 0.000022 seconds.
  path: Assets/ThirdParty/KenneySpaceShooterExtension/Missiles/spaceMissiles_017.png
  artifactKey: Guid(22036e7ec7d5121448d1e9ea7a4a7bc8) Importer(815301076,1909f56bfc062723c751e8b465ee728b)
Start importing Assets/ThirdParty/KenneySpaceShooterExtension/Missiles/spaceMissiles_017.png using Guid(22036e7ec7d5121448d1e9ea7a4a7bc8) Importer(815301076,1909f56bfc062723c751e8b465ee728b)  -> (artifact id: '3794e751e8e117bc3213ba55764bc641') in 0.043192 seconds 
========================================================================
Received Import Request.
  Time since last request: 0.000029 seconds.
  path: Assets/ThirdParty/KenneySpaceShooterExtension/Missiles/spaceMissiles_015.png
  artifactKey: Guid(d967f38582d40f64b94497c554c9bec4) Importer(815301076,1909f56bfc062723c751e8b465ee728b)
Start importing Assets/ThirdParty/KenneySpaceShooterExtension/Missiles/spaceMissiles_015.png using Guid(d967f38582d40f64b94497c554c9bec4) Importer(815301076,1909f56bfc062723c751e8b465ee728b)  -> (artifact id: '098d6ef7e1e93cdcf4952b83bcf2dcc4') in 0.036108 seconds 
========================================================================
Received Import Request.
  Time since last request: 0.000032 seconds.
  path: Assets/ThirdParty/KenneySpaceShooterExtension/Missiles/spaceMissiles_024.png
  artifactKey: Guid(8a5f27aea6eabb44e9877188874c0239) Importer(815301076,1909f56bfc062723c751e8b465ee728b)
Start importing Assets/ThirdParty/KenneySpaceShooterExtension/Missiles/spaceMissiles_024.png using Guid(8a5f27aea6eabb44e9877188874c0239) Importer(815301076,1909f56bfc062723c751e8b465ee728b)  -> (artifact id: '9bbd585ff53b814877938bc964e2cefc') in 0.033339 seconds 
========================================================================
Received Import Request.
  Time since last request: 0.000024 seconds.
  path: Assets/ThirdParty/KenneySpaceShooterExtension/Missiles/spaceMissiles_025.png
  artifactKey: Guid(cb5df67bc2292f541ba03bfc95285bcf) Importer(815301076,1909f56bfc062723c751e8b465ee728b)
Start importing Assets/ThirdParty/KenneySpaceShooterExtension/Missiles/spaceMissiles_025.png using Guid(cb5df67bc2292f541ba03bfc95285bcf) Importer(815301076,1909f56bfc062723c751e8b465ee728b)  -> (artifact id: '32761b2df3bbf2ed5e373f0aa992f4b9') in 0.021224 seconds 
========================================================================
Received Import Request.
  Time since last request: 4.878138 seconds.
  path: Assets/ThirdParty/KenneySpaceShooterExtension/Missiles/spaceMissiles_003.png
  artifactKey: Guid(8a36c8ff3053d7f4bbf0f53e0ea6bc1c) Importer(815301076,1909f56bfc062723c751e8b465ee728b)
Start importing Assets/ThirdParty/KenneySpaceShooterExtension/Missiles/spaceMissiles_003.png using Guid(8a36c8ff3053d7f4bbf0f53e0ea6bc1c) Importer(815301076,1909f56bfc062723c751e8b465ee728b)  -> (artifact id: '0324422b1cd8754633e4a2a8f1e06ee0') in 0.052444 seconds 
========================================================================
Received Import Request.
  Time since last request: 0.000023 seconds.
  path: Assets/ThirdParty/KenneySpaceShooterExtension/Missiles/spaceMissiles_005.png
  artifactKey: Guid(d7fbd5f18a77bcf4db0d37e30b75bd26) Importer(815301076,1909f56bfc062723c751e8b465ee728b)
Start importing Assets/ThirdParty/KenneySpaceShooterExtension/Missiles/spaceMissiles_005.png using Guid(d7fbd5f18a77bcf4db0d37e30b75bd26) Importer(815301076,1909f56bfc062723c751e8b465ee728b)  -> (artifact id: 'f4f15b3cf25ded3306f3464474e3e8fa') in 0.021351 seconds 
========================================================================
Received Import Request.
  Time since last request: 0.045810 seconds.
  path: Assets/ThirdParty/KenneySpaceShooterExtension/Meteors/spaceMeteors_001.png
  artifactKey: Guid(282b0ab76b1c0e047be23e895e0a7f1f) Importer(815301076,1909f56bfc062723c751e8b465ee728b)
Start importing Assets/ThirdParty/KenneySpaceShooterExtension/Meteors/spaceMeteors_001.png using Guid(282b0ab76b1c0e047be23e895e0a7f1f) Importer(815301076,1909f56bfc062723c751e8b465ee728b)  -> (artifact id: 'dc086a656b7bd51037c0d3bab52d5cf1') in 0.085843 seconds 
========================================================================
Received Import Request.
  Time since last request: 7.916634 seconds.
  path: Assets/ThirdParty/KenneySpaceShooterExtension/Missiles/spaceMissiles_034.png
  artifactKey: Guid(e5c25307113167246836fe2ac9b22d2a) Importer(815301076,1909f56bfc062723c751e8b465ee728b)
Start importing Assets/ThirdParty/KenneySpaceShooterExtension/Missiles/spaceMissiles_034.png using Guid(e5c25307113167246836fe2ac9b22d2a) Importer(815301076,1909f56bfc062723c751e8b465ee728b)  -> (artifact id: '0117aa5ecc234b21543e7b0b54ed58f8') in 0.032562 seconds 
========================================================================
Received Import Request.
  Time since last request: 0.223355 seconds.
  path: Assets/ThirdParty/KenneySpaceShooterExtension/Missiles/spaceMissiles_039.png
  artifactKey: Guid(27bc3d956f5bffe4ba185aeb193ff9b0) Importer(815301076,1909f56bfc062723c751e8b465ee728b)
Start importing Assets/ThirdParty/KenneySpaceShooterExtension/Missiles/spaceMissiles_039.png using Guid(27bc3d956f5bffe4ba185aeb193ff9b0) Importer(815301076,1909f56bfc062723c751e8b465ee728b)  -> (artifact id: 'a9faf469b697fd3f50e8f577b5a81eee') in 0.033839 seconds 
========================================================================
Received Import Request.
  Time since last request: 0.000024 seconds.
  path: Assets/ThirdParty/KenneySpaceShooterExtension/Parts/spaceParts_001.png
  artifactKey: Guid(0c50369abadc7994284151f70ab1a326) Importer(815301076,1909f56bfc062723c751e8b465ee728b)
Start importing Assets/ThirdParty/KenneySpaceShooterExtension/Parts/spaceParts_001.png using Guid(0c50369abadc7994284151f70ab1a326) Importer(815301076,1909f56bfc062723c751e8b465ee728b)  -> (artifact id: '919b09006dba6878919e800633d52573') in 0.028302 seconds 
========================================================================
Received Import Request.
  Time since last request: 28.352110 seconds.
  path: Assets/ThirdParty/KenneySpaceShooterExtension/Parts/spaceParts_004.png
  artifactKey: Guid(86603823e90bab04eb3bcad114ad2aee) Importer(815301076,1909f56bfc062723c751e8b465ee728b)
Start importing Assets/ThirdParty/KenneySpaceShooterExtension/Parts/spaceParts_004.png using Guid(86603823e90bab04eb3bcad114ad2aee) Importer(815301076,1909f56bfc062723c751e8b465ee728b)  -> (artifact id: '8c0b45f13ada24ed4b08852b7273564d') in 0.052606 seconds 
========================================================================
Received Import Request.
  Time since last request: 0.640391 seconds.
  path: Assets/ThirdParty/KenneySpaceShooterExtension/Parts/spaceParts_009.png
  artifactKey: Guid(4187459d283523144a5f1514d24b5262) Importer(815301076,1909f56bfc062723c751e8b465ee728b)
Start importing Assets/ThirdParty/KenneySpaceShooterExtension/Parts/spaceParts_009.png using Guid(4187459d283523144a5f1514d24b5262) Importer(815301076,1909f56bfc062723c751e8b465ee728b)  -> (artifact id: '46e9104b1dba042737a178d01b6f120c') in 0.041664 seconds 
========================================================================
Received Import Request.
  Time since last request: 0.070278 seconds.
  path: Assets/ThirdParty/KenneySpaceShooterExtension/Parts/spaceParts_014.png
  artifactKey: Guid(6dea2d7e2b82d5348910388f36e6c0f9) Importer(815301076,1909f56bfc062723c751e8b465ee728b)
Start importing Assets/ThirdParty/KenneySpaceShooterExtension/Parts/spaceParts_014.png using Guid(6dea2d7e2b82d5348910388f36e6c0f9) Importer(815301076,1909f56bfc062723c751e8b465ee728b)  -> (artifact id: 'fc587d9afa8eb6def9c51592ead83bb2') in 0.041624 seconds 
Editor requested this worker to shutdown with reason: Scaling down because of idle timeout
AssetImportWorker is now disconnected from the server
Process exiting
Exiting without the bug reporter. Application will terminate with return code 0